<?xml version="1.0" encoding="UTF-8"?>
<!-- Generated by org.testng.reporters.JUnitReportReporter -->
<testsuite hostname="BABDYA" failures="0" tests="2" name="testClasses.VerifyUserCanGetLowestPriceProduct" time="10.735" errors="0" timestamp="2022-10-11T14:11:42 IST" skipped="0">
  <testcase classname="testClasses.VerifyUserCanGetLowestPriceProduct" name="VerifyUserCanSearchProduct" time="2.327"/>
  <system-out/>
  <testcase classname="testClasses.VerifyUserCanGetLowestPriceProduct" name="VerifyUserCanGetLowestPriceProductFromEachPage" time="8.408"/>
  <system-out/>
</testsuite> <!-- testClasses.VerifyUserCanGetLowestPriceProduct -->
